Started POST "/login" for ::1 at 2020-05-14 22:09:07 +0530
  [1m[35m (4.6ms)[0m  [1m[34mSELECT "schema_migrations"."version" FROM "schema_migrations" ORDER BY "schema_migrations"."version" ASC[0m
  ↳ /Users/ayadav/.rvm/gems/ruby-2.7.0/gems/activerecord-5.2.4.2/lib/active_record/log_subscriber.rb:98
Processing by SessionsController#create as JSON
  Parameters: {"user"=>{"email"=>"ayadav@thoughtworks.com", "password"=>"[FILTERED]"}, "session"=>{"user"=>{"email"=>"ayadav@thoughtworks.com", "password"=>"[FILTERED]"}}}
  [1m[36mUser Load (0.8ms)[0m  [1m[34mSELECT  "users".* FROM "users" WHERE "users"."email" = $1 ORDER BY "users"."id" ASC LIMIT $2[0m  [["email", "ayadav@thoughtworks.com"], ["LIMIT", 1]]
  ↳ /Users/ayadav/.rvm/rubies/ruby-2.7.0/lib/ruby/gems/2.7.0/gems/orm_adapter-0.5.0/lib/orm_adapter/adapters/active_record.rb:22
[active_model_serializers] Rendered ActiveModel::Serializer::Null with User (0.58ms)
Completed 200 OK in 169ms (Views: 7.6ms | ActiveRecord: 16.5ms)


Started POST "/orders" for ::1 at 2020-05-14 22:09:26 +0530
Processing by OrdersController#create as JSON
  Parameters: {"order"=>{"product"=>"1", "price"=>12000}}
  [1m[36mUser Load (0.4ms)[0m  [1m[34mSELECT  "users".* FROM "users" WHERE "users"."id" = $1 LIMIT $2[0m  [["id", 2], ["LIMIT", 1]]
  ↳ /Users/ayadav/.rvm/rubies/ruby-2.7.0/lib/ruby/gems/2.7.0/gems/warden-1.2.8/lib/warden/strategies/base.rb:54
  [1m[36mJwtBlacklist Exists (6.8ms)[0m  [1m[34mSELECT  1 AS one FROM "jwt_blacklists" WHERE "jwt_blacklists"."jti" = $1 LIMIT $2[0m  [["jti", "47fe8760-5398-469b-a05d-1da4dd571260"], ["LIMIT", 1]]
  ↳ /Users/ayadav/.rvm/rubies/ruby-2.7.0/lib/ruby/gems/2.7.0/gems/warden-1.2.8/lib/warden/strategies/base.rb:54
  [1m[35m (0.2ms)[0m  [1m[35mBEGIN[0m
  ↳ app/controllers/orders_controller.rb:7
  [1m[36mOrder Create (3.3ms)[0m  [1m[32mINSERT INTO "orders" ("product", "price", "user_id", "created_at", "updated_at") VALUES ($1, $2, $3, $4, $5) RETURNING "id"[0m  [["product", 1], ["price", 12000], ["user_id", 2], ["created_at", "2020-05-14 16:39:26.515140"], ["updated_at", "2020-05-14 16:39:26.515140"]]
  ↳ app/controllers/orders_controller.rb:7
  [1m[35m (3.7ms)[0m  [1m[35mCOMMIT[0m
  ↳ app/controllers/orders_controller.rb:7
  Rendering signup_mailer/signup_email.html.erb within layouts/mailer
  Rendered signup_mailer/signup_email.html.erb within layouts/mailer (2.5ms)
  Rendering signup_mailer/signup_email.text.erb within layouts/mailer
  Rendered signup_mailer/signup_email.text.erb within layouts/mailer (0.3ms)
SignupMailer#signup_email: processed outbound mail in 156.0ms
Sent mail to ayadav@thoughtworks.com (5378.8ms)
Date: Thu, 14 May 2020 22:09:27 +0530
From: from@example.com
To: ayadav@thoughtworks.com
Message-ID: <5ebd743f10637_b0513a0c21344@INayadav.local.mail>
Subject: Signup Email
Mime-Version: 1.0
Content-Type: multipart/alternative;
 boundary="--==_mimepart_5ebd743f8ec8_b0513a0c212b5";
 charset=UTF-8
Content-Transfer-Encoding: 7bit


----==_mimepart_5ebd743f8ec8_b0513a0c212b5
Content-Type: text/plain;
 charset=UTF-8
Content-Transfer-Encoding: 7bit

Hi ayadav@thoughtworks.com
Sample mail sent using smtp.

----==_mimepart_5ebd743f8ec8_b0513a0c212b5
Content-Type: text/html;
 charset=UTF-8
Content-Transfer-Encoding: 7bit

<!DOCTYPE html>
<html>
  <head>
    <meta http-equiv="Content-Type" content="text/html; charset=utf-8" />
    <style>
      /* Email styles need to be inline */
    </style>
  </head>

  <body>
    <!DOCTYPE html>
<html>
<head>
  <meta content='text/html; charset=UTF-8' http-equiv='Content-Type' />
</head>
<body>
<h1>Hi ayadav@thoughtworks.com</h1>
<p>
  Sample mail sent using smtp.
</p>
</body>
</html>
  </body>
</html>

----==_mimepart_5ebd743f8ec8_b0513a0c212b5--

[active_model_serializers] Rendered OrdersSerializer with ActiveModelSerializers::Adapter::Attributes (0.85ms)
Completed 200 OK in 6005ms (Views: 13.9ms | ActiveRecord: 22.9ms)


Started POST "/orders" for ::1 at 2020-05-14 22:11:05 +0530
Processing by OrdersController#create as JSON
  Parameters: {"order"=>{"product"=>"1", "price"=>12000}}
  [1m[36mUser Load (0.3ms)[0m  [1m[34mSELECT  "users".* FROM "users" WHERE "users"."id" = $1 LIMIT $2[0m  [["id", 2], ["LIMIT", 1]]
  ↳ /Users/ayadav/.rvm/rubies/ruby-2.7.0/lib/ruby/gems/2.7.0/gems/warden-1.2.8/lib/warden/strategies/base.rb:54
  [1m[36mJwtBlacklist Exists (0.5ms)[0m  [1m[34mSELECT  1 AS one FROM "jwt_blacklists" WHERE "jwt_blacklists"."jti" = $1 LIMIT $2[0m  [["jti", "47fe8760-5398-469b-a05d-1da4dd571260"], ["LIMIT", 1]]
  ↳ /Users/ayadav/.rvm/rubies/ruby-2.7.0/lib/ruby/gems/2.7.0/gems/warden-1.2.8/lib/warden/strategies/base.rb:54
  [1m[35m (0.2ms)[0m  [1m[35mBEGIN[0m
  ↳ app/controllers/orders_controller.rb:7
  [1m[36mOrder Create (0.7ms)[0m  [1m[32mINSERT INTO "orders" ("product", "price", "user_id", "created_at", "updated_at") VALUES ($1, $2, $3, $4, $5) RETURNING "id"[0m  [["product", 1], ["price", 12000], ["user_id", 2], ["created_at", "2020-05-14 16:41:05.897578"], ["updated_at", "2020-05-14 16:41:05.897578"]]
  ↳ app/controllers/orders_controller.rb:7
  [1m[35m (0.3ms)[0m  [1m[35mCOMMIT[0m
  ↳ app/controllers/orders_controller.rb:7
  Rendering signup_mailer/signup_email.html.erb within layouts/mailer
  Rendered signup_mailer/signup_email.html.erb within layouts/mailer (0.3ms)
  Rendering signup_mailer/signup_email.text.erb within layouts/mailer
  Rendered signup_mailer/signup_email.text.erb within layouts/mailer (0.3ms)
SignupMailer#signup_email: processed outbound mail in 10.0ms
Sent mail to ayadav@thoughtworks.com (2245.4ms)
Date: Thu, 14 May 2020 22:11:05 +0530
From: verdaan.yadav@gmail.com
To: ayadav@thoughtworks.com
Message-ID: <5ebd74a1e5b31_b0513c50215f6@INayadav.local.mail>
Subject: Signup Email
Mime-Version: 1.0
Content-Type: multipart/alternative;
 boundary="--==_mimepart_5ebd74a1e5564_b0513c50214a2";
 charset=UTF-8
Content-Transfer-Encoding: 7bit


----==_mimepart_5ebd74a1e5564_b0513c50214a2
Content-Type: text/plain;
 charset=UTF-8
Content-Transfer-Encoding: 7bit

Hi ayadav@thoughtworks.com
Sample mail sent using smtp.

----==_mimepart_5ebd74a1e5564_b0513c50214a2
Content-Type: text/html;
 charset=UTF-8
Content-Transfer-Encoding: 7bit

<!DOCTYPE html>
<html>
  <head>
    <meta http-equiv="Content-Type" content="text/html; charset=utf-8" />
    <style>
      /* Email styles need to be inline */
    </style>
  </head>

  <body>
    <!DOCTYPE html>
<html>
<head>
  <meta content='text/html; charset=UTF-8' http-equiv='Content-Type' />
</head>
<body>
<h1>Hi ayadav@thoughtworks.com</h1>
<p>
  Sample mail sent using smtp.
</p>
</body>
</html>
  </body>
</html>

----==_mimepart_5ebd74a1e5564_b0513c50214a2--

[active_model_serializers] Rendered OrdersSerializer with ActiveModelSerializers::Adapter::Attributes (0.71ms)
Completed 200 OK in 2328ms (Views: 1.1ms | ActiveRecord: 17.9ms)


Started POST "/signup" for ::1 at 2020-05-14 22:12:03 +0530
Processing by RegistrationsController#create as JSON
  Parameters: {"user"=>{"username"=>"atuly", "email"=>"atulyadav.iit@gmail.com", "password"=>"[FILTERED]", "password_confirmation"=>"[FILTERED]"}, "registration"=>{"user"=>{"username"=>"atuly", "email"=>"atulyadav.iit@gmail.com", "password"=>"[FILTERED]", "password_confirmation"=>"[FILTERED]"}}}
Unpermitted parameter: :username
  [1m[35m (0.2ms)[0m  [1m[35mBEGIN[0m
  ↳ /Users/ayadav/.rvm/rubies/ruby-2.7.0/lib/ruby/gems/2.7.0/gems/devise-4.7.1/app/controllers/devise/registrations_controller.rb:19
  [1m[36mUser Exists (0.4ms)[0m  [1m[34mSELECT  1 AS one FROM "users" WHERE "users"."email" = $1 LIMIT $2[0m  [["email", "atulyadav.iit@gmail.com"], ["LIMIT", 1]]
  ↳ /Users/ayadav/.rvm/rubies/ruby-2.7.0/lib/ruby/gems/2.7.0/gems/devise-4.7.1/app/controllers/devise/registrations_controller.rb:19
  [1m[36mUser Create (0.5ms)[0m  [1m[32mINSERT INTO "users" ("email", "encrypted_password", "created_at", "updated_at") VALUES ($1, $2, $3, $4) RETURNING "id"[0m  [["email", "atulyadav.iit@gmail.com"], ["encrypted_password", "$2a$11$RK3dd.RCvgtCh2RopUhu2.yXvjGOuPV0fiMFPQZash.4zu0nmjnSK"], ["created_at", "2020-05-14 16:42:03.859251"], ["updated_at", "2020-05-14 16:42:03.859251"]]
  ↳ /Users/ayadav/.rvm/rubies/ruby-2.7.0/lib/ruby/gems/2.7.0/gems/devise-4.7.1/app/controllers/devise/registrations_controller.rb:19
  [1m[35m (0.3ms)[0m  [1m[35mCOMMIT[0m
  ↳ /Users/ayadav/.rvm/rubies/ruby-2.7.0/lib/ruby/gems/2.7.0/gems/devise-4.7.1/app/controllers/devise/registrations_controller.rb:19
[active_model_serializers] Rendered ActiveModel::Serializer::Null with User (0.22ms)
Completed 201 Created in 133ms (Views: 6.1ms | ActiveRecord: 1.4ms)


Started POST "/orders" for ::1 at 2020-05-14 22:12:19 +0530
Processing by OrdersController#create as JSON
  Parameters: {"order"=>{"product"=>"1", "price"=>12000}}
  [1m[36mUser Load (0.4ms)[0m  [1m[34mSELECT  "users".* FROM "users" WHERE "users"."id" = $1 LIMIT $2[0m  [["id", 17], ["LIMIT", 1]]
  ↳ /Users/ayadav/.rvm/rubies/ruby-2.7.0/lib/ruby/gems/2.7.0/gems/warden-1.2.8/lib/warden/strategies/base.rb:54
  [1m[36mJwtBlacklist Exists (0.3ms)[0m  [1m[34mSELECT  1 AS one FROM "jwt_blacklists" WHERE "jwt_blacklists"."jti" = $1 LIMIT $2[0m  [["jti", "adccea19-97d7-4085-b10c-da1592ca1f51"], ["LIMIT", 1]]
  ↳ /Users/ayadav/.rvm/rubies/ruby-2.7.0/lib/ruby/gems/2.7.0/gems/warden-1.2.8/lib/warden/strategies/base.rb:54
  [1m[35m (0.1ms)[0m  [1m[35mBEGIN[0m
  ↳ app/controllers/orders_controller.rb:7
  [1m[36mOrder Create (0.5ms)[0m  [1m[32mINSERT INTO "orders" ("product", "price", "user_id", "created_at", "updated_at") VALUES ($1, $2, $3, $4, $5) RETURNING "id"[0m  [["product", 1], ["price", 12000], ["user_id", 17], ["created_at", "2020-05-14 16:42:19.608169"], ["updated_at", "2020-05-14 16:42:19.608169"]]
  ↳ app/controllers/orders_controller.rb:7
  [1m[35m (0.3ms)[0m  [1m[35mCOMMIT[0m
  ↳ app/controllers/orders_controller.rb:7
  Rendering signup_mailer/signup_email.html.erb within layouts/mailer
  Rendered signup_mailer/signup_email.html.erb within layouts/mailer (0.4ms)
  Rendering signup_mailer/signup_email.text.erb within layouts/mailer
  Rendered signup_mailer/signup_email.text.erb within layouts/mailer (0.3ms)
SignupMailer#signup_email: processed outbound mail in 8.3ms
Sent mail to atulyadav.iit@gmail.com (1796.6ms)
Date: Thu, 14 May 2020 22:12:19 +0530
From: verdaan.yadav@gmail.com
To: atulyadav.iit@gmail.com
Message-ID: <5ebd74eb972b7_b0514b00217d1@INayadav.local.mail>
Subject: Signup Email
Mime-Version: 1.0
Content-Type: multipart/alternative;
 boundary="--==_mimepart_5ebd74eb96ca6_b0514b0021638";
 charset=UTF-8
Content-Transfer-Encoding: 7bit


----==_mimepart_5ebd74eb96ca6_b0514b0021638
Content-Type: text/plain;
 charset=UTF-8
Content-Transfer-Encoding: 7bit

Hi atulyadav.iit@gmail.com
Sample mail sent using smtp.

----==_mimepart_5ebd74eb96ca6_b0514b0021638
Content-Type: text/html;
 charset=UTF-8
Content-Transfer-Encoding: 7bit

<!DOCTYPE html>
<html>
  <head>
    <meta http-equiv="Content-Type" content="text/html; charset=utf-8" />
    <style>
      /* Email styles need to be inline */
    </style>
  </head>

  <body>
    <!DOCTYPE html>
<html>
<head>
  <meta content='text/html; charset=UTF-8' http-equiv='Content-Type' />
</head>
<body>
<h1>Hi atulyadav.iit@gmail.com</h1>
<p>
  Sample mail sent using smtp.
</p>
</body>
</html>
  </body>
</html>

----==_mimepart_5ebd74eb96ca6_b0514b0021638--

[active_model_serializers] Rendered OrdersSerializer with ActiveModelSerializers::Adapter::Attributes (0.69ms)
Completed 200 OK in 1812ms (Views: 1.2ms | ActiveRecord: 1.6ms)


Started POST "/orders" for ::1 at 2020-05-14 22:21:39 +0530
Processing by OrdersController#create as JSON
  Parameters: {"order"=>{"product"=>"1", "price"=>12000}}
Completed 401 Unauthorized in 0ms (ActiveRecord: 0.0ms)


Started POST "/login" for ::1 at 2020-05-14 22:21:58 +0530
Processing by SessionsController#create as JSON
  Parameters: {"user"=>{"email"=>"atulyadav.iit@gmail.com", "password"=>"[FILTERED]"}, "session"=>{"user"=>{"email"=>"atulyadav.iit@gmail.com", "password"=>"[FILTERED]"}}}
  [1m[36mUser Load (0.9ms)[0m  [1m[34mSELECT  "users".* FROM "users" WHERE "users"."email" = $1 ORDER BY "users"."id" ASC LIMIT $2[0m  [["email", "atulyadav.iit@gmail.com"], ["LIMIT", 1]]
  ↳ /Users/ayadav/.rvm/rubies/ruby-2.7.0/lib/ruby/gems/2.7.0/gems/orm_adapter-0.5.0/lib/orm_adapter/adapters/active_record.rb:22
[active_model_serializers] Rendered ActiveModel::Serializer::Null with User (0.3ms)
Completed 200 OK in 119ms (Views: 0.7ms | ActiveRecord: 1.1ms)


Started POST "/orders" for ::1 at 2020-05-14 22:22:13 +0530
Processing by OrdersController#create as JSON
  Parameters: {"order"=>{"product"=>"1", "price"=>12000}}
  [1m[36mUser Load (0.9ms)[0m  [1m[34mSELECT  "users".* FROM "users" WHERE "users"."id" = $1 LIMIT $2[0m  [["id", 17], ["LIMIT", 1]]
  ↳ /Users/ayadav/.rvm/rubies/ruby-2.7.0/lib/ruby/gems/2.7.0/gems/warden-1.2.8/lib/warden/strategies/base.rb:54
  [1m[36mJwtBlacklist Exists (1.4ms)[0m  [1m[34mSELECT  1 AS one FROM "jwt_blacklists" WHERE "jwt_blacklists"."jti" = $1 LIMIT $2[0m  [["jti", "d1b3bc07-f740-4bf8-a044-ec6f06fd5ff1"], ["LIMIT", 1]]
  ↳ /Users/ayadav/.rvm/rubies/ruby-2.7.0/lib/ruby/gems/2.7.0/gems/warden-1.2.8/lib/warden/strategies/base.rb:54
  [1m[35m (0.4ms)[0m  [1m[35mBEGIN[0m
  ↳ app/controllers/orders_controller.rb:7
  [1m[36mOrder Create (2.2ms)[0m  [1m[32mINSERT INTO "orders" ("product", "price", "user_id", "created_at", "updated_at") VALUES ($1, $2, $3, $4, $5) RETURNING "id"[0m  [["product", 1], ["price", 12000], ["user_id", 17], ["created_at", "2020-05-14 16:52:13.424553"], ["updated_at", "2020-05-14 16:52:13.424553"]]
  ↳ app/controllers/orders_controller.rb:7
  [1m[35m (1.3ms)[0m  [1m[35mCOMMIT[0m
  ↳ app/controllers/orders_controller.rb:7
  Rendering signup_mailer/signup_email.html.erb within layouts/mailer
  Rendered signup_mailer/signup_email.html.erb within layouts/mailer (0.4ms)
  Rendering signup_mailer/signup_email.text.erb within layouts/mailer
  Rendered signup_mailer/signup_email.text.erb within layouts/mailer (0.3ms)
SignupMailer#signup_email: processed outbound mail in 14.3ms
Sent mail to atulyadav.iit@gmail.com (4520.1ms)
Date: Thu, 14 May 2020 22:22:13 +0530
From: verdaan.yadav@gmail.com
To: atulyadav.iit@gmail.com
Message-ID: <5ebd773d6ccea_b0514ab021977@INayadav.local.mail>
Subject: Signup Email
Mime-Version: 1.0
Content-Type: multipart/alternative;
 boundary="--==_mimepart_5ebd773d6bebe_b0514ab0218cd";
 charset=UTF-8
Content-Transfer-Encoding: 7bit


----==_mimepart_5ebd773d6bebe_b0514ab0218cd
Content-Type: text/plain;
 charset=UTF-8
Content-Transfer-Encoding: 7bit

Hi atulyadav.iit@gmail.com
Sample mail sent using smtp.

----==_mimepart_5ebd773d6bebe_b0514ab0218cd
Content-Type: text/html;
 charset=UTF-8
Content-Transfer-Encoding: 7bit

<!DOCTYPE html>
<html>
  <head>
    <meta http-equiv="Content-Type" content="text/html; charset=utf-8" />
    <style>
      /* Email styles need to be inline */
    </style>
  </head>

  <body>
    <!DOCTYPE html>
<html>
<head>
  <meta content='text/html; charset=UTF-8' http-equiv='Content-Type' />
</head>
<body>
<h1>Hi atulyadav.iit@gmail.com</h1>
<p>
  Sample mail sent using smtp.
</p>
</body>
</html>
  </body>
</html>

----==_mimepart_5ebd773d6bebe_b0514ab0218cd--

[active_model_serializers] Rendered OrdersSerializer with ActiveModelSerializers::Adapter::Attributes (0.56ms)
Completed 200 OK in 4551ms (Views: 1.0ms | ActiveRecord: 6.1ms)


Started POST "/orders" for ::1 at 2020-05-14 22:23:40 +0530
Processing by OrdersController#create as JSON
  Parameters: {"order"=>{"product"=>"1", "price"=>12000}}
  [1m[36mUser Load (0.3ms)[0m  [1m[34mSELECT  "users".* FROM "users" WHERE "users"."id" = $1 LIMIT $2[0m  [["id", 17], ["LIMIT", 1]]
  ↳ /Users/ayadav/.rvm/rubies/ruby-2.7.0/lib/ruby/gems/2.7.0/gems/warden-1.2.8/lib/warden/strategies/base.rb:54
  [1m[36mJwtBlacklist Exists (0.3ms)[0m  [1m[34mSELECT  1 AS one FROM "jwt_blacklists" WHERE "jwt_blacklists"."jti" = $1 LIMIT $2[0m  [["jti", "d1b3bc07-f740-4bf8-a044-ec6f06fd5ff1"], ["LIMIT", 1]]
  ↳ /Users/ayadav/.rvm/rubies/ruby-2.7.0/lib/ruby/gems/2.7.0/gems/warden-1.2.8/lib/warden/strategies/base.rb:54
  [1m[35m (0.1ms)[0m  [1m[35mBEGIN[0m
  ↳ app/controllers/orders_controller.rb:7
  [1m[36mOrder Create (0.6ms)[0m  [1m[32mINSERT INTO "orders" ("product", "price", "user_id", "created_at", "updated_at") VALUES ($1, $2, $3, $4, $5) RETURNING "id"[0m  [["product", 1], ["price", 12000], ["user_id", 17], ["created_at", "2020-05-14 16:53:40.338055"], ["updated_at", "2020-05-14 16:53:40.338055"]]
  ↳ app/controllers/orders_controller.rb:7
  [1m[35m (0.7ms)[0m  [1m[35mCOMMIT[0m
  ↳ app/controllers/orders_controller.rb:7
  Rendering signup_mailer/signup_email.html.erb within layouts/mailer
  Rendered signup_mailer/signup_email.html.erb within layouts/mailer (0.3ms)
  Rendering signup_mailer/signup_email.text.erb within layouts/mailer
  Rendered signup_mailer/signup_email.text.erb within layouts/mailer (0.3ms)
SignupMailer#signup_email: processed outbound mail in 8.1ms
Sent mail to atulyadav.iit@gmail.com (3863.6ms)
Date: Thu, 14 May 2020 22:23:40 +0530
From: no-reply@localhost.com
To: atulyadav.iit@gmail.com
Message-ID: <5ebd779457801_b0513c502215@INayadav.local.mail>
Subject: Signup Email
Mime-Version: 1.0
Content-Type: multipart/alternative;
 boundary="--==_mimepart_5ebd77945723e_b0513c5022047";
 charset=UTF-8
Content-Transfer-Encoding: 7bit


----==_mimepart_5ebd77945723e_b0513c5022047
Content-Type: text/plain;
 charset=UTF-8
Content-Transfer-Encoding: 7bit

Hi atulyadav.iit@gmail.com
Sample mail sent using smtp.

----==_mimepart_5ebd77945723e_b0513c5022047
Content-Type: text/html;
 charset=UTF-8
Content-Transfer-Encoding: 7bit

<!DOCTYPE html>
<html>
  <head>
    <meta http-equiv="Content-Type" content="text/html; charset=utf-8" />
    <style>
      /* Email styles need to be inline */
    </style>
  </head>

  <body>
    <!DOCTYPE html>
<html>
<head>
  <meta content='text/html; charset=UTF-8' http-equiv='Content-Type' />
</head>
<body>
<h1>Hi atulyadav.iit@gmail.com</h1>
<p>
  Sample mail sent using smtp.
</p>
</body>
</html>
  </body>
</html>

----==_mimepart_5ebd77945723e_b0513c5022047--

[active_model_serializers] Rendered OrdersSerializer with ActiveModelSerializers::Adapter::Attributes (0.67ms)
Completed 200 OK in 3929ms (Views: 1.1ms | ActiveRecord: 16.1ms)


Started POST "/orders" for ::1 at 2020-05-14 22:24:21 +0530
  [1m[35m (1.0ms)[0m  [1m[34mSELECT "schema_migrations"."version" FROM "schema_migrations" ORDER BY "schema_migrations"."version" ASC[0m
  ↳ /Users/ayadav/.rvm/gems/ruby-2.7.0/gems/activerecord-5.2.4.2/lib/active_record/log_subscriber.rb:98
Processing by OrdersController#create as JSON
  Parameters: {"order"=>{"product"=>"1", "price"=>12000}}
  [1m[36mUser Load (18.9ms)[0m  [1m[34mSELECT  "users".* FROM "users" WHERE "users"."id" = $1 LIMIT $2[0m  [["id", 17], ["LIMIT", 1]]
  ↳ /Users/ayadav/.rvm/rubies/ruby-2.7.0/lib/ruby/gems/2.7.0/gems/warden-1.2.8/lib/warden/strategies/base.rb:54
  [1m[36mJwtBlacklist Exists (0.9ms)[0m  [1m[34mSELECT  1 AS one FROM "jwt_blacklists" WHERE "jwt_blacklists"."jti" = $1 LIMIT $2[0m  [["jti", "d1b3bc07-f740-4bf8-a044-ec6f06fd5ff1"], ["LIMIT", 1]]
  ↳ /Users/ayadav/.rvm/rubies/ruby-2.7.0/lib/ruby/gems/2.7.0/gems/warden-1.2.8/lib/warden/strategies/base.rb:54
  [1m[35m (0.1ms)[0m  [1m[35mBEGIN[0m
  ↳ app/controllers/orders_controller.rb:7
  [1m[36mOrder Create (1.0ms)[0m  [1m[32mINSERT INTO "orders" ("product", "price", "user_id", "created_at", "updated_at") VALUES ($1, $2, $3, $4, $5) RETURNING "id"[0m  [["product", 1], ["price", 12000], ["user_id", 17], ["created_at", "2020-05-14 16:54:21.271874"], ["updated_at", "2020-05-14 16:54:21.271874"]]
  ↳ app/controllers/orders_controller.rb:7
  [1m[35m (0.3ms)[0m  [1m[35mCOMMIT[0m
  ↳ app/controllers/orders_controller.rb:7
  Rendering signup_mailer/signup_email.html.erb within layouts/mailer
  Rendered signup_mailer/signup_email.html.erb within layouts/mailer (0.8ms)
  Rendering signup_mailer/signup_email.text.erb within layouts/mailer
  Rendered signup_mailer/signup_email.text.erb within layouts/mailer (0.2ms)
SignupMailer#signup_email: processed outbound mail in 45.8ms
Sent mail to atulyadav.iit@gmail.com (3892.0ms)
Date: Thu, 14 May 2020 22:24:21 +0530
From: no-reply@localhost.com
To: atulyadav.iit@gmail.com
Message-ID: <5ebd77bd6fd29_c0dc29f47449e@INayadav.local.mail>
Subject: Signup Email
Mime-Version: 1.0
Content-Type: multipart/alternative;
 boundary="--==_mimepart_5ebd77bd6ef2f_c0dc29f47438b";
 charset=UTF-8
Content-Transfer-Encoding: 7bit


----==_mimepart_5ebd77bd6ef2f_c0dc29f47438b
Content-Type: text/plain;
 charset=UTF-8
Content-Transfer-Encoding: 7bit

Hi atulyadav.iit@gmail.com
Sample mail sent using smtp.

----==_mimepart_5ebd77bd6ef2f_c0dc29f47438b
Content-Type: text/html;
 charset=UTF-8
Content-Transfer-Encoding: 7bit

<!DOCTYPE html>
<html>
  <head>
    <meta http-equiv="Content-Type" content="text/html; charset=utf-8" />
    <style>
      /* Email styles need to be inline */
    </style>
  </head>

  <body>
    <!DOCTYPE html>
<html>
<head>
  <meta content='text/html; charset=UTF-8' http-equiv='Content-Type' />
</head>
<body>
<h1>Hi atulyadav.iit@gmail.com</h1>
<p>
  Sample mail sent using smtp.
</p>
</body>
</html>
  </body>
</html>

----==_mimepart_5ebd77bd6ef2f_c0dc29f47438b--

[active_model_serializers] Rendered OrdersSerializer with ActiveModelSerializers::Adapter::Attributes (1.12ms)
Completed 200 OK in 4165ms (Views: 5.9ms | ActiveRecord: 54.1ms)


Started POST "/products" for ::1 at 2020-05-15 10:10:51 +0530
  [1m[35m (7.3ms)[0m  [1m[34mSELECT "schema_migrations"."version" FROM "schema_migrations" ORDER BY "schema_migrations"."version" ASC[0m
  ↳ /Users/ayadav/.rvm/gems/ruby-2.7.0/gems/activerecord-5.2.4.2/lib/active_record/log_subscriber.rb:98
  
ActionController::RoutingError (No route matches [POST] "/products"):
  
actionpack (5.2.4.2) lib/action_dispatch/middleware/debug_exceptions.rb:65:in `call'
actionpack (5.2.4.2) lib/action_dispatch/middleware/show_exceptions.rb:33:in `call'
railties (5.2.4.2) lib/rails/rack/logger.rb:38:in `call_app'
railties (5.2.4.2) lib/rails/rack/logger.rb:26:in `block in call'
activesupport (5.2.4.2) lib/active_support/tagged_logging.rb:71:in `block in tagged'
activesupport (5.2.4.2) lib/active_support/tagged_logging.rb:28:in `tagged'
activesupport (5.2.4.2) lib/active_support/tagged_logging.rb:71:in `tagged'
railties (5.2.4.2) lib/rails/rack/logger.rb:26:in `call'
actionpack (5.2.4.2) lib/action_dispatch/middleware/remote_ip.rb:81:in `call'
actionpack (5.2.4.2) lib/action_dispatch/middleware/request_id.rb:27:in `call'
rack (2.2.2) lib/rack/runtime.rb:22:in `call'
activesupport (5.2.4.2) lib/active_support/cache/strategy/local_cache_middleware.rb:29:in `call'
actionpack (5.2.4.2) lib/action_dispatch/middleware/executor.rb:14:in `call'
actionpack (5.2.4.2) lib/action_dispatch/middleware/static.rb:127:in `call'
rack (2.2.2) lib/rack/sendfile.rb:110:in `call'
rack-cors (1.1.1) lib/rack/cors.rb:100:in `call'
railties (5.2.4.2) lib/rails/engine.rb:524:in `call'
puma (3.12.4) lib/puma/configuration.rb:227:in `call'
puma (3.12.4) lib/puma/server.rb:675:in `handle_request'
puma (3.12.4) lib/puma/server.rb:476:in `process_client'
puma (3.12.4) lib/puma/server.rb:334:in `block in run'
puma (3.12.4) lib/puma/thread_pool.rb:135:in `block in spawn_thread'
Started POST "/signup" for ::1 at 2020-05-15 10:20:50 +0530
Processing by RegistrationsController#create as JSON
  Parameters: {"user"=>{"username"=>"kavita", "email"=>"kavitama@thoughtworks.com", "password"=>"[FILTERED]", "password_confirmation"=>"[FILTERED]"}, "registration"=>{"user"=>{"username"=>"kavita", "email"=>"kavitama@thoughtworks.com", "password"=>"[FILTERED]", "password_confirmation"=>"[FILTERED]"}}}
Unpermitted parameter: :username
  [1m[35m (0.3ms)[0m  [1m[35mBEGIN[0m
  ↳ /Users/ayadav/.rvm/rubies/ruby-2.7.0/lib/ruby/gems/2.7.0/gems/devise-4.7.1/app/controllers/devise/registrations_controller.rb:19
  [1m[36mUser Exists (15.4ms)[0m  [1m[34mSELECT  1 AS one FROM "users" WHERE "users"."email" = $1 LIMIT $2[0m  [["email", "kavitama@thoughtworks.com"], ["LIMIT", 1]]
  ↳ /Users/ayadav/.rvm/rubies/ruby-2.7.0/lib/ruby/gems/2.7.0/gems/devise-4.7.1/app/controllers/devise/registrations_controller.rb:19
  [1m[36mUser Create (1.0ms)[0m  [1m[32mINSERT INTO "users" ("email", "encrypted_password", "created_at", "updated_at") VALUES ($1, $2, $3, $4) RETURNING "id"[0m  [["email", "kavitama@thoughtworks.com"], ["encrypted_password", "$2a$11$heX4c1e06lBfIhlF3iU3Xe1N0ikPsNSroL0V2Prqr0RzWQ2pPZGmu"], ["created_at", "2020-05-15 04:50:50.662708"], ["updated_at", "2020-05-15 04:50:50.662708"]]
  ↳ /Users/ayadav/.rvm/rubies/ruby-2.7.0/lib/ruby/gems/2.7.0/gems/devise-4.7.1/app/controllers/devise/registrations_controller.rb:19
  [1m[35m (0.5ms)[0m  [1m[35mCOMMIT[0m
  ↳ /Users/ayadav/.rvm/rubies/ruby-2.7.0/lib/ruby/gems/2.7.0/gems/devise-4.7.1/app/controllers/devise/registrations_controller.rb:19
[active_model_serializers] Rendered ActiveModel::Serializer::Null with User (0.4ms)
Completed 201 Created in 290ms (Views: 30.1ms | ActiveRecord: 42.2ms)


Started POST "/orders" for ::1 at 2020-05-15 10:21:47 +0530
Processing by OrdersController#create as JSON
  Parameters: {"order"=>{"product"=>"8", "price"=>20000}}
Completed 401 Unauthorized in 1ms (ActiveRecord: 0.0ms)


Started POST "/orders" for ::1 at 2020-05-15 10:21:59 +0530
Processing by OrdersController#create as JSON
  Parameters: {"order"=>{"product"=>"8", "price"=>20000}}
  [1m[36mUser Load (0.9ms)[0m  [1m[34mSELECT  "users".* FROM "users" WHERE "users"."id" = $1 LIMIT $2[0m  [["id", 18], ["LIMIT", 1]]
  ↳ /Users/ayadav/.rvm/rubies/ruby-2.7.0/lib/ruby/gems/2.7.0/gems/warden-1.2.8/lib/warden/strategies/base.rb:54
  [1m[36mJwtBlacklist Exists (27.3ms)[0m  [1m[34mSELECT  1 AS one FROM "jwt_blacklists" WHERE "jwt_blacklists"."jti" = $1 LIMIT $2[0m  [["jti", "66998bb6-f4a9-469d-9e27-d30a0e63985e"], ["LIMIT", 1]]
  ↳ /Users/ayadav/.rvm/rubies/ruby-2.7.0/lib/ruby/gems/2.7.0/gems/warden-1.2.8/lib/warden/strategies/base.rb:54
  [1m[35m (0.2ms)[0m  [1m[35mBEGIN[0m
  ↳ app/controllers/orders_controller.rb:7
  [1m[36mOrder Create (11.7ms)[0m  [1m[32mINSERT INTO "orders" ("product", "price", "user_id", "created_at", "updated_at") VALUES ($1, $2, $3, $4, $5) RETURNING "id"[0m  [["product", 8], ["price", 20000], ["user_id", 18], ["created_at", "2020-05-15 04:51:59.719318"], ["updated_at", "2020-05-15 04:51:59.719318"]]
  ↳ app/controllers/orders_controller.rb:7
  [1m[35m (0.4ms)[0m  [1m[35mCOMMIT[0m
  ↳ app/controllers/orders_controller.rb:7
  Rendering signup_mailer/signup_email.html.erb within layouts/mailer
  Rendered signup_mailer/signup_email.html.erb within layouts/mailer (5.9ms)
  Rendering signup_mailer/signup_email.text.erb within layouts/mailer
  Rendered signup_mailer/signup_email.text.erb within layouts/mailer (0.5ms)
SignupMailer#signup_email: processed outbound mail in 263.4ms
Sent mail to kavitama@thoughtworks.com (8563.1ms)
Date: Fri, 15 May 2020 10:22:00 +0530
From: no-reply@localhost.com
To: kavitama@thoughtworks.com
Message-ID: <5ebe1ff0b99b4_132273afc605c4@INayadav.mail>
Subject: Signup Email
Mime-Version: 1.0
Content-Type: multipart/alternative;
 boundary="--==_mimepart_5ebe1ff0aeeea_132273afc604b7";
 charset=UTF-8
Content-Transfer-Encoding: 7bit


----==_mimepart_5ebe1ff0aeeea_132273afc604b7
Content-Type: text/plain;
 charset=UTF-8
Content-Transfer-Encoding: 7bit

Hi kavitama@thoughtworks.com
Sample mail sent using smtp.

----==_mimepart_5ebe1ff0aeeea_132273afc604b7
Content-Type: text/html;
 charset=UTF-8
Content-Transfer-Encoding: 7bit

<!DOCTYPE html>
<html>
  <head>
    <meta http-equiv="Content-Type" content="text/html; charset=utf-8" />
    <style>
      /* Email styles need to be inline */
    </style>
  </head>

  <body>
    <!DOCTYPE html>
<html>
<head>
  <meta content='text/html; charset=UTF-8' http-equiv='Content-Type' />
</head>
<body>
<h1>Hi kavitama@thoughtworks.com</h1>
<p>
  Sample mail sent using smtp.
</p>
</body>
</html>
  </body>
</html>

----==_mimepart_5ebe1ff0aeeea_132273afc604b7--

[active_model_serializers] Rendered OrdersSerializer with ActiveModelSerializers::Adapter::Attributes (3.41ms)
Completed 200 OK in 9780ms (Views: 76.7ms | ActiveRecord: 54.3ms)


  [1m[36mOrder Load (0.5ms)[0m  [1m[34mSELECT  "orders".* FROM "orders" LIMIT $1[0m  [["LIMIT", 11]]
  [1m[36mOrder Load (0.4ms)[0m  [1m[34mSELECT  "orders".* FROM "orders" ORDER BY "orders"."id" DESC LIMIT $1[0m  [["LIMIT", 1]]
  [1m[36mUser Load (0.6ms)[0m  [1m[34mSELECT  "users".* FROM "users" ORDER BY "users"."id" DESC LIMIT $1[0m  [["LIMIT", 1]]
Started GET "/rails/mailers/" for ::1 at 2020-05-15 10:47:40 +0530
Processing by Rails::MailersController#index as HTML
  Rendering /Users/ayadav/.rvm/gems/ruby-2.7.0/gems/railties-5.2.4.2/lib/rails/templates/rails/mailers/index.html.erb within layouts/application
  Rendered /Users/ayadav/.rvm/gems/ruby-2.7.0/gems/railties-5.2.4.2/lib/rails/templates/rails/mailers/index.html.erb within layouts/application (2.0ms)
Completed 200 OK in 17ms (Views: 9.7ms | ActiveRecord: 0.0ms)


Started GET "/rails/mailers/signup_mailer/signup_mail_preview" for ::1 at 2020-05-15 10:47:46 +0530
Processing by Rails::MailersController#preview as HTML
  Parameters: {"path"=>"signup_mailer/signup_mail_preview"}
  [1m[36mUser Load (2.2ms)[0m  [1m[34mSELECT  "users".* FROM "users" ORDER BY "users"."id" ASC LIMIT $1[0m  [["LIMIT", 1]]
  ↳ spec/mailers/previews/signup_mailer_preview.rb:4
  Rendering signup_mailer/signup_email.html.erb within layouts/mailer
  Rendered signup_mailer/signup_email.html.erb within layouts/mailer (0.3ms)
  Rendering signup_mailer/signup_email.text.erb within layouts/mailer
  Rendered signup_mailer/signup_email.text.erb within layouts/mailer (0.2ms)
SignupMailer#signup_email: processed outbound mail in 8.8ms
  Rendering /Users/ayadav/.rvm/gems/ruby-2.7.0/gems/railties-5.2.4.2/lib/rails/templates/rails/mailers/email.html.erb
  Rendered /Users/ayadav/.rvm/gems/ruby-2.7.0/gems/railties-5.2.4.2/lib/rails/templates/rails/mailers/email.html.erb (2.3ms)
Completed 200 OK in 117ms (Views: 17.1ms | ActiveRecord: 26.9ms)


Started GET "/rails/mailers/signup_mailer/signup_mail_preview?part=text%2Fhtml" for ::1 at 2020-05-15 10:47:46 +0530
Processing by Rails::MailersController#preview as HTML
  Parameters: {"part"=>"text/html", "path"=>"signup_mailer/signup_mail_preview"}
  [1m[36mUser Load (0.4ms)[0m  [1m[34mSELECT  "users".* FROM "users" ORDER BY "users"."id" ASC LIMIT $1[0m  [["LIMIT", 1]]
  ↳ spec/mailers/previews/signup_mailer_preview.rb:4
  Rendering signup_mailer/signup_email.html.erb within layouts/mailer
  Rendered signup_mailer/signup_email.html.erb within layouts/mailer (1.2ms)
  Rendering signup_mailer/signup_email.text.erb within layouts/mailer
  Rendered signup_mailer/signup_email.text.erb within layouts/mailer (0.3ms)
SignupMailer#signup_email: processed outbound mail in 11.7ms
  Rendering text template
  Rendered text template (0.0ms)
Completed 200 OK in 22ms (Views: 7.2ms | ActiveRecord: 0.4ms)


Started GET "/rails/mailers/signup_mailer/signup_mail_preview?part=text%2Fplain" for ::1 at 2020-05-15 10:47:56 +0530
Processing by Rails::MailersController#preview as HTML
  Parameters: {"part"=>"text/plain", "path"=>"signup_mailer/signup_mail_preview"}
  [1m[36mUser Load (0.5ms)[0m  [1m[34mSELECT  "users".* FROM "users" ORDER BY "users"."id" ASC LIMIT $1[0m  [["LIMIT", 1]]
  ↳ spec/mailers/previews/signup_mailer_preview.rb:4
  Rendering signup_mailer/signup_email.html.erb within layouts/mailer
  Rendered signup_mailer/signup_email.html.erb within layouts/mailer (1.3ms)
  Rendering signup_mailer/signup_email.text.erb within layouts/mailer
  Rendered signup_mailer/signup_email.text.erb within layouts/mailer (0.6ms)
SignupMailer#signup_email: processed outbound mail in 14.5ms
  Rendering text template
  Rendered text template (0.0ms)
Completed 200 OK in 18ms (Views: 0.4ms | ActiveRecord: 0.5ms)


  [1m[36mUser Load (39.9ms)[0m  [1m[34mSELECT "users".* FROM "users"[0m
  ↳ lib/tasks/email_tasks.rake:8
  Rendering signup_mailer/signup_email.html.erb within layouts/mailer
  Rendered signup_mailer/signup_email.html.erb within layouts/mailer (2.6ms)
  Rendering signup_mailer/signup_email.text.erb within layouts/mailer
  Rendered signup_mailer/signup_email.text.erb within layouts/mailer (0.2ms)
SignupMailer#signup_email: processed outbound mail in 124.5ms
  [1m[36mUser Load (0.9ms)[0m  [1m[34mSELECT "users".* FROM "users"[0m
  ↳ lib/tasks/email_tasks.rake:8
  Rendering signup_mailer/signup_email.html.erb within layouts/mailer
  Rendered signup_mailer/signup_email.html.erb within layouts/mailer (0.7ms)
  Rendering signup_mailer/signup_email.text.erb within layouts/mailer
  Rendered signup_mailer/signup_email.text.erb within layouts/mailer (0.2ms)
SignupMailer#signup_email: processed outbound mail in 19.6ms
  [1m[36mUser Load (2.3ms)[0m  [1m[34mSELECT "users".* FROM "users"[0m
  ↳ lib/tasks/email_tasks.rake:12
  Rendering signup_mailer/signup_email.html.erb within layouts/mailer
  Rendered signup_mailer/signup_email.html.erb within layouts/mailer (0.7ms)
  Rendering signup_mailer/signup_email.text.erb within layouts/mailer
  Rendered signup_mailer/signup_email.text.erb within layouts/mailer (0.2ms)
SignupMailer#signup_email: processed outbound mail in 50.6ms
  [1m[35m (33.3ms)[0m  [1m[34mSELECT COUNT(*) FROM "users"[0m
  ↳ lib/tasks/email_tasks.rake:12
  [1m[36mUser Load (0.5ms)[0m  [1m[34mSELECT  "users".* FROM "users" WHERE "users"."id" = $1 LIMIT $2[0m  [["id", 3], ["LIMIT", 1]]
  ↳ lib/tasks/email_tasks.rake:12
  [1m[36mUser Load (0.8ms)[0m  [1m[34mSELECT  "users".* FROM "users" WHERE "users"."id" = $1 LIMIT $2[0m  [["id", 3], ["LIMIT", 1]]
  ↳ lib/tasks/email_tasks.rake:12
  [1m[36mUser Load (0.9ms)[0m  [1m[34mSELECT "users".* FROM "users"[0m
  ↳ lib/tasks/email_tasks.rake:12
  Rendering signup_mailer/signup_email.html.erb within layouts/mailer
  Rendered signup_mailer/signup_email.html.erb within layouts/mailer (1.3ms)
  Rendering signup_mailer/signup_email.text.erb within layouts/mailer
  Rendered signup_mailer/signup_email.text.erb within layouts/mailer (0.4ms)
SignupMailer#signup_email: processed outbound mail in 471.3ms
  [1m[36mUser Load (0.9ms)[0m  [1m[34mSELECT "users".* FROM "users"[0m
  ↳ lib/tasks/email_tasks.rake:12
  Rendering signup_mailer/signup_email.html.erb within layouts/mailer
  Rendered signup_mailer/signup_email.html.erb within layouts/mailer (0.5ms)
  Rendering signup_mailer/signup_email.text.erb within layouts/mailer
  Rendered signup_mailer/signup_email.text.erb within layouts/mailer (0.2ms)
SignupMailer#signup_email: processed outbound mail in 18.9ms
  [1m[35m (0.3ms)[0m  [1m[34mSELECT pg_try_advisory_lock(8212160474501450355)[0m
  ↳ /Users/ayadav/.rvm/rubies/ruby-2.7.0/lib/ruby/gems/2.7.0/gems/rake-13.0.1/lib/rake/task.rb:281
  [1m[35m (25.9ms)[0m  [1m[34mSELECT "schema_migrations"."version" FROM "schema_migrations" ORDER BY "schema_migrations"."version" ASC[0m
  ↳ /Users/ayadav/.rvm/rubies/ruby-2.7.0/lib/ruby/gems/2.7.0/gems/rake-13.0.1/lib/rake/task.rb:281
Migrating to AddDobToUsers (20200515171434)
  [1m[35m (0.3ms)[0m  [1m[35mBEGIN[0m
  ↳ /Users/ayadav/.rvm/rubies/ruby-2.7.0/lib/ruby/gems/2.7.0/gems/rake-13.0.1/lib/rake/task.rb:281
  [1m[35m (82.0ms)[0m  [1m[35mALTER TABLE "users" ADD "dob" timestamp[0m
  ↳ db/migrate/20200515171434_add_dob_to_users.rb:3
  [1m[36mActiveRecord::SchemaMigration Create (1.4ms)[0m  [1m[32mINSERT INTO "schema_migrations" ("version") VALUES ($1) RETURNING "version"[0m  [["version", "20200515171434"]]
  ↳ /Users/ayadav/.rvm/rubies/ruby-2.7.0/lib/ruby/gems/2.7.0/gems/rake-13.0.1/lib/rake/task.rb:281
  [1m[35m (0.9ms)[0m  [1m[35mCOMMIT[0m
  ↳ /Users/ayadav/.rvm/rubies/ruby-2.7.0/lib/ruby/gems/2.7.0/gems/rake-13.0.1/lib/rake/task.rb:281
  [1m[36mActiveRecord::InternalMetadata Load (31.5ms)[0m  [1m[34mSELECT  "ar_internal_metadata".* FROM "ar_internal_metadata" WHERE "ar_internal_metadata"."key" = $1 LIMIT $2[0m  [["key", "environment"], ["LIMIT", 1]]
  ↳ /Users/ayadav/.rvm/rubies/ruby-2.7.0/lib/ruby/gems/2.7.0/gems/rake-13.0.1/lib/rake/task.rb:281
  [1m[35m (0.1ms)[0m  [1m[35mBEGIN[0m
  ↳ /Users/ayadav/.rvm/rubies/ruby-2.7.0/lib/ruby/gems/2.7.0/gems/rake-13.0.1/lib/rake/task.rb:281
  [1m[35m (0.1ms)[0m  [1m[35mCOMMIT[0m
  ↳ /Users/ayadav/.rvm/rubies/ruby-2.7.0/lib/ruby/gems/2.7.0/gems/rake-13.0.1/lib/rake/task.rb:281
  [1m[35m (0.2ms)[0m  [1m[34mSELECT pg_advisory_unlock(8212160474501450355)[0m
  ↳ /Users/ayadav/.rvm/rubies/ruby-2.7.0/lib/ruby/gems/2.7.0/gems/rake-13.0.1/lib/rake/task.rb:281
  [1m[35m (0.2ms)[0m  [1m[34mSELECT "schema_migrations"."version" FROM "schema_migrations" ORDER BY "schema_migrations"."version" ASC[0m
  ↳ /Users/ayadav/.rvm/rubies/ruby-2.7.0/lib/ruby/gems/2.7.0/gems/rake-13.0.1/lib/rake/task.rb:281
Started POST "/signup" for ::1 at 2020-05-15 22:54:44 +0530
  [1m[35m (0.7ms)[0m  [1m[34mSELECT "schema_migrations"."version" FROM "schema_migrations" ORDER BY "schema_migrations"."version" ASC[0m
  ↳ /Users/ayadav/.rvm/gems/ruby-2.7.0/gems/activerecord-5.2.4.2/lib/active_record/log_subscriber.rb:98
  
ActionController::RoutingError (undefined method `before_filter' for RegistrationsController:Class
Did you mean?  before_action):
  
app/controllers/registrations_controller.rb:2:in `<class:RegistrationsController>'
app/controllers/registrations_controller.rb:1:in `<main>'
Started POST "/signup" for ::1 at 2020-05-15 22:55:45 +0530
Processing by RegistrationsController#create as JSON
  Parameters: {"user"=>{"username"=>"kavita", "email"=>"kavitamaa@thoughtworks.com", "password"=>"[FILTERED]", "password_confirmation"=>"[FILTERED]"}, "registration"=>{"user"=>{"username"=>"kavita", "email"=>"kavitamaa@thoughtworks.com", "password"=>"[FILTERED]", "password_confirmation"=>"[FILTERED]"}}}
  [1m[35m (0.2ms)[0m  [1m[35mBEGIN[0m
  ↳ /Users/ayadav/.rvm/rubies/ruby-2.7.0/lib/ruby/gems/2.7.0/gems/devise-4.7.1/app/controllers/devise/registrations_controller.rb:19
  [1m[36mUser Exists (2.2ms)[0m  [1m[34mSELECT  1 AS one FROM "users" WHERE "users"."email" = $1 LIMIT $2[0m  [["email", "kavitamaa@thoughtworks.com"], ["LIMIT", 1]]
  ↳ /Users/ayadav/.rvm/rubies/ruby-2.7.0/lib/ruby/gems/2.7.0/gems/devise-4.7.1/app/controllers/devise/registrations_controller.rb:19
  [1m[36mUser Create (35.2ms)[0m  [1m[32mINSERT INTO "users" ("email", "encrypted_password", "created_at", "updated_at", "username") VALUES ($1, $2, $3, $4, $5) RETURNING "id"[0m  [["email", "kavitamaa@thoughtworks.com"], ["encrypted_password", "$2a$11$TJ/ubIrSxk/OlidOmVsXK.6CSaD4yvylypigejX1lGkSbyobahDPq"], ["created_at", "2020-05-15 17:25:45.597947"], ["updated_at", "2020-05-15 17:25:45.597947"], ["username", "kavita"]]
  ↳ /Users/ayadav/.rvm/rubies/ruby-2.7.0/lib/ruby/gems/2.7.0/gems/devise-4.7.1/app/controllers/devise/registrations_controller.rb:19
  [1m[35m (1.5ms)[0m  [1m[35mCOMMIT[0m
  ↳ /Users/ayadav/.rvm/rubies/ruby-2.7.0/lib/ruby/gems/2.7.0/gems/devise-4.7.1/app/controllers/devise/registrations_controller.rb:19
[active_model_serializers] Rendered ActiveModel::Serializer::Null with User (0.33ms)
Completed 201 Created in 225ms (Views: 16.6ms | ActiveRecord: 47.2ms)


Started POST "/signup" for ::1 at 2020-05-15 22:57:42 +0530
Processing by RegistrationsController#create as JSON
  Parameters: {"email"=>"aa@bb.com", "username"=>"aa", "password"=>"[FILTERED]", "password_confirm"=>"[FILTERED]", "dob"=>"2002-05-15T17:25:45.597Z"}
  [1m[35m (0.2ms)[0m  [1m[35mBEGIN[0m
  ↳ /Users/ayadav/.rvm/rubies/ruby-2.7.0/lib/ruby/gems/2.7.0/gems/devise-4.7.1/app/controllers/devise/registrations_controller.rb:19
  [1m[35m (0.1ms)[0m  [1m[31mROLLBACK[0m
  ↳ /Users/ayadav/.rvm/rubies/ruby-2.7.0/lib/ruby/gems/2.7.0/gems/devise-4.7.1/app/controllers/devise/registrations_controller.rb:19
[active_model_serializers] Rendered ActiveModel::Serializer::Null with Hash (0.07ms)
Completed 422 Unprocessable Entity in 23ms (Views: 3.7ms | ActiveRecord: 0.3ms)


Started POST "/signup" for ::1 at 2020-05-15 22:58:28 +0530
Processing by RegistrationsController#create as JSON
  Parameters: {"user"=>{"username"=>"aa", "email"=>"aa@thoughtworks.com", "password"=>"[FILTERED]", "password_confirmation"=>"[FILTERED]", "dob"=>"2002-05-15T17:25:45.597Z"}, "registration"=>{"user"=>{"username"=>"aa", "email"=>"aa@thoughtworks.com", "password"=>"[FILTERED]", "password_confirmation"=>"[FILTERED]", "dob"=>"2002-05-15T17:25:45.597Z"}}}
  [1m[35m (0.2ms)[0m  [1m[35mBEGIN[0m
  ↳ /Users/ayadav/.rvm/rubies/ruby-2.7.0/lib/ruby/gems/2.7.0/gems/devise-4.7.1/app/controllers/devise/registrations_controller.rb:19
  [1m[36mUser Exists (0.5ms)[0m  [1m[34mSELECT  1 AS one FROM "users" WHERE "users"."email" = $1 LIMIT $2[0m  [["email", "aa@thoughtworks.com"], ["LIMIT", 1]]
  ↳ /Users/ayadav/.rvm/rubies/ruby-2.7.0/lib/ruby/gems/2.7.0/gems/devise-4.7.1/app/controllers/devise/registrations_controller.rb:19
  [1m[36mUser Create (1.1ms)[0m  [1m[32mINSERT INTO "users" ("email", "encrypted_password", "created_at", "updated_at", "username", "dob") VALUES ($1, $2, $3, $4, $5, $6) RETURNING "id"[0m  [["email", "aa@thoughtworks.com"], ["encrypted_password", "$2a$11$ystfYG9pd6ccqKEuBfeII.W5o4Fd7nhbdfS/ky69GFU9yuaFnglvW"], ["created_at", "2020-05-15 17:28:28.877330"], ["updated_at", "2020-05-15 17:28:28.877330"], ["username", "aa"], ["dob", "2002-05-15 17:25:45.597000"]]
  ↳ /Users/ayadav/.rvm/rubies/ruby-2.7.0/lib/ruby/gems/2.7.0/gems/devise-4.7.1/app/controllers/devise/registrations_controller.rb:19
  [1m[35m (0.3ms)[0m  [1m[35mCOMMIT[0m
  ↳ /Users/ayadav/.rvm/rubies/ruby-2.7.0/lib/ruby/gems/2.7.0/gems/devise-4.7.1/app/controllers/devise/registrations_controller.rb:19
[active_model_serializers] Rendered ActiveModel::Serializer::Null with User (0.2ms)
Completed 201 Created in 125ms (Views: 0.6ms | ActiveRecord: 2.1ms)


  [1m[36mUser Load (7.1ms)[0m  [1m[34mSELECT "users".* FROM "users"[0m
  ↳ lib/tasks/email_tasks.rake:12
  Rendering signup_mailer/signup_email.html.erb within layouts/mailer
  Rendered signup_mailer/signup_email.html.erb within layouts/mailer (2.5ms)
  Rendering signup_mailer/signup_email.text.erb within layouts/mailer
  Rendered signup_mailer/signup_email.text.erb within layouts/mailer (0.2ms)
SignupMailer#signup_email: processed outbound mail in 95.9ms
  [1m[36mUser Load (0.9ms)[0m  [1m[34mSELECT "users".* FROM "users"[0m
  ↳ lib/tasks/email_tasks.rake:12
  Rendering signup_mailer/signup_email.html.erb within layouts/mailer
  Rendered signup_mailer/signup_email.html.erb within layouts/mailer (0.5ms)
  Rendering signup_mailer/signup_email.text.erb within layouts/mailer
  Rendered signup_mailer/signup_email.text.erb within layouts/mailer (0.2ms)
SignupMailer#signup_email: processed outbound mail in 18.9ms
  [1m[36mUser Load (1.4ms)[0m  [1m[34mSELECT "users".* FROM "users"[0m
  ↳ lib/tasks/email_tasks.rake:12
  Rendering signup_mailer/signup_email.html.erb within layouts/mailer
  Rendered signup_mailer/signup_email.html.erb within layouts/mailer (0.5ms)
  Rendering signup_mailer/signup_email.text.erb within layouts/mailer
  Rendered signup_mailer/signup_email.text.erb within layouts/mailer (0.2ms)
SignupMailer#signup_email: processed outbound mail in 18.8ms
  [1m[36mUser Load (0.9ms)[0m  [1m[34mSELECT "users".* FROM "users"[0m
  ↳ lib/tasks/email_tasks.rake:12
  Rendering signup_mailer/signup_email.html.erb within layouts/mailer
  Rendered signup_mailer/signup_email.html.erb within layouts/mailer (0.5ms)
  Rendering signup_mailer/signup_email.text.erb within layouts/mailer
  Rendered signup_mailer/signup_email.text.erb within layouts/mailer (0.2ms)
SignupMailer#signup_email: processed outbound mail in 19.0ms
  [1m[36mUser Load (6.4ms)[0m  [1m[34mSELECT "users".* FROM "users"[0m
  ↳ lib/tasks/email_tasks.rake:12
  Rendering signup_mailer/signup_email.html.erb within layouts/mailer
  Rendered signup_mailer/signup_email.html.erb within layouts/mailer (0.6ms)
  Rendering signup_mailer/signup_email.text.erb within layouts/mailer
  Rendered signup_mailer/signup_email.text.erb within layouts/mailer (0.2ms)
SignupMailer#signup_email: processed outbound mail in 19.1ms
  [1m[35m (3.1ms)[0m  [1m[34mSELECT "schema_migrations"."version" FROM "schema_migrations" ORDER BY "schema_migrations"."version" ASC[0m
  ↳ /Users/ayadav/.rvm/rubies/ruby-2.7.0/lib/ruby/gems/2.7.0/gems/rake-13.0.1/lib/rake/task.rb:281
  [1m[35m (2.6ms)[0m  [1m[34mSELECT "ar_internal_metadata"."value" FROM "ar_internal_metadata" WHERE "ar_internal_metadata"."key" = $1[0m  [["key", "environment"]]
  ↳ /Users/ayadav/.rvm/rubies/ruby-2.7.0/lib/ruby/gems/2.7.0/gems/rake-13.0.1/lib/rake/task.rb:281
  [1m[35m (0.2ms)[0m  [1m[34mSELECT "schema_migrations"."version" FROM "schema_migrations" ORDER BY "schema_migrations"."version" ASC[0m
  ↳ /Users/ayadav/.rvm/rubies/ruby-2.7.0/lib/ruby/gems/2.7.0/gems/rake-13.0.1/lib/rake/task.rb:281
  [1m[35m (0.2ms)[0m  [1m[34mSELECT "ar_internal_metadata"."value" FROM "ar_internal_metadata" WHERE "ar_internal_metadata"."key" = $1[0m  [["key", "environment"]]
  ↳ /Users/ayadav/.rvm/rubies/ruby-2.7.0/lib/ruby/gems/2.7.0/gems/rake-13.0.1/lib/rake/task.rb:281
  [1m[35m (0.2ms)[0m  [1m[34mSELECT "schema_migrations"."version" FROM "schema_migrations" ORDER BY "schema_migrations"."version" ASC[0m
  ↳ /Users/ayadav/.rvm/rubies/ruby-2.7.0/lib/ruby/gems/2.7.0/gems/rake-13.0.1/lib/rake/task.rb:281
  [1m[35m (0.3ms)[0m  [1m[34mSELECT "ar_internal_metadata"."value" FROM "ar_internal_metadata" WHERE "ar_internal_metadata"."key" = $1[0m  [["key", "environment"]]
  ↳ /Users/ayadav/.rvm/rubies/ruby-2.7.0/lib/ruby/gems/2.7.0/gems/rake-13.0.1/lib/rake/task.rb:281
  [1m[35m (227.3ms)[0m  [1m[35mDROP DATABASE IF EXISTS "order_api"[0m
  ↳ /Users/ayadav/.rvm/rubies/ruby-2.7.0/lib/ruby/gems/2.7.0/gems/rake-13.0.1/lib/rake/task.rb:281
  [1m[35m (157.8ms)[0m  [1m[35mDROP DATABASE IF EXISTS "order_api_test"[0m
  ↳ /Users/ayadav/.rvm/rubies/ruby-2.7.0/lib/ruby/gems/2.7.0/gems/rake-13.0.1/lib/rake/task.rb:281
  [1m[35m (5577.7ms)[0m  [1m[35mCREATE DATABASE "order_api" ENCODING = 'utf8'[0m
  ↳ /Users/ayadav/.rvm/rubies/ruby-2.7.0/lib/ruby/gems/2.7.0/gems/rake-13.0.1/lib/rake/task.rb:281
  [1m[35m (1338.0ms)[0m  [1m[35mCREATE DATABASE "order_api_test" ENCODING = 'utf8'[0m
  ↳ /Users/ayadav/.rvm/rubies/ruby-2.7.0/lib/ruby/gems/2.7.0/gems/rake-13.0.1/lib/rake/task.rb:281
  [1m[35m (11.1ms)[0m  [1m[35mCREATE TABLE "schema_migrations" ("version" character varying NOT NULL PRIMARY KEY)[0m
  ↳ /Users/ayadav/.rvm/rubies/ruby-2.7.0/lib/ruby/gems/2.7.0/gems/rake-13.0.1/lib/rake/task.rb:281
  [1m[35m (3.0ms)[0m  [1m[35mCREATE TABLE "ar_internal_metadata" ("key" character varying NOT NULL PRIMARY KEY, "value" character varying, "created_at" timestamp NOT NULL, "updated_at" timestamp NOT NULL)[0m
  ↳ /Users/ayadav/.rvm/rubies/ruby-2.7.0/lib/ruby/gems/2.7.0/gems/rake-13.0.1/lib/rake/task.rb:281
  [1m[35m (0.1ms)[0m  [1m[34mSELECT pg_try_advisory_lock(8212160474501450355)[0m
  ↳ /Users/ayadav/.rvm/rubies/ruby-2.7.0/lib/ruby/gems/2.7.0/gems/rake-13.0.1/lib/rake/task.rb:281
  [1m[35m (2.4ms)[0m  [1m[34mSELECT "schema_migrations"."version" FROM "schema_migrations" ORDER BY "schema_migrations"."version" ASC[0m
  ↳ /Users/ayadav/.rvm/rubies/ruby-2.7.0/lib/ruby/gems/2.7.0/gems/rake-13.0.1/lib/rake/task.rb:281
Migrating to DeviseCreateUsers (20200513191114)
  [1m[35m (0.1ms)[0m  [1m[35mBEGIN[0m
  ↳ /Users/ayadav/.rvm/rubies/ruby-2.7.0/lib/ruby/gems/2.7.0/gems/rake-13.0.1/lib/rake/task.rb:281
  [1m[35m (7.7ms)[0m  [1m[35mCREATE TABLE "users" ("id" bigserial primary key, "email" character varying DEFAULT '' NOT NULL, "encrypted_password" character varying DEFAULT '' NOT NULL, "reset_password_token" character varying, "reset_password_sent_at" timestamp, "remember_created_at" timestamp, "created_at" timestamp NOT NULL, "updated_at" timestamp NOT NULL)[0m
  ↳ db/migrate/20200513191114_devise_create_users.rb:5
  [1m[35m (1.2ms)[0m  [1m[35mCREATE UNIQUE INDEX  "index_users_on_email" ON "users"  ("email")[0m
  ↳ db/migrate/20200513191114_devise_create_users.rb:39
  [1m[35m (0.8ms)[0m  [1m[35mCREATE UNIQUE INDEX  "index_users_on_reset_password_token" ON "users"  ("reset_password_token")[0m
  ↳ db/migrate/20200513191114_devise_create_users.rb:40
  [1m[36mActiveRecord::SchemaMigration Create (0.4ms)[0m  [1m[32mINSERT INTO "schema_migrations" ("version") VALUES ($1) RETURNING "version"[0m  [["version", "20200513191114"]]
  ↳ /Users/ayadav/.rvm/rubies/ruby-2.7.0/lib/ruby/gems/2.7.0/gems/rake-13.0.1/lib/rake/task.rb:281
  [1m[35m (0.3ms)[0m  [1m[35mCOMMIT[0m
  ↳ /Users/ayadav/.rvm/rubies/ruby-2.7.0/lib/ruby/gems/2.7.0/gems/rake-13.0.1/lib/rake/task.rb:281
Migrating to CreateJwtBlacklists (20200513192119)
  [1m[35m (0.2ms)[0m  [1m[35mBEGIN[0m
  ↳ /Users/ayadav/.rvm/rubies/ruby-2.7.0/lib/ruby/gems/2.7.0/gems/rake-13.0.1/lib/rake/task.rb:281
  [1m[35m (3.5ms)[0m  [1m[35mCREATE TABLE "jwt_blacklists" ("id" bigserial primary key, "jti" character varying, "exp" timestamp, "created_at" timestamp NOT NULL, "updated_at" timestamp NOT NULL)[0m
  ↳ db/migrate/20200513192119_create_jwt_blacklists.rb:3
  [1m[35m (0.9ms)[0m  [1m[35mCREATE  INDEX  "index_jwt_blacklists_on_jti" ON "jwt_blacklists"  ("jti")[0m
  ↳ db/migrate/20200513192119_create_jwt_blacklists.rb:9
  [1m[36mActiveRecord::SchemaMigration Create (0.3ms)[0m  [1m[32mINSERT INTO "schema_migrations" ("version") VALUES ($1) RETURNING "version"[0m  [["version", "20200513192119"]]
  ↳ /Users/ayadav/.rvm/rubies/ruby-2.7.0/lib/ruby/gems/2.7.0/gems/rake-13.0.1/lib/rake/task.rb:281
  [1m[35m (0.3ms)[0m  [1m[35mCOMMIT[0m
  ↳ /Users/ayadav/.rvm/rubies/ruby-2.7.0/lib/ruby/gems/2.7.0/gems/rake-13.0.1/lib/rake/task.rb:281
Migrating to AddUsernameToUsers (20200514071337)
  [1m[35m (0.2ms)[0m  [1m[35mBEGIN[0m
  ↳ /Users/ayadav/.rvm/rubies/ruby-2.7.0/lib/ruby/gems/2.7.0/gems/rake-13.0.1/lib/rake/task.rb:281
  [1m[35m (0.6ms)[0m  [1m[35mALTER TABLE "users" ADD "username" character varying[0m
  ↳ db/migrate/20200514071337_add_username_to_users.rb:3
  [1m[35m (1.1ms)[0m  [1m[35mCREATE UNIQUE INDEX  "index_users_on_username" ON "users"  ("username")[0m
  ↳ db/migrate/20200514071337_add_username_to_users.rb:4
  [1m[36mActiveRecord::SchemaMigration Create (0.2ms)[0m  [1m[32mINSERT INTO "schema_migrations" ("version") VALUES ($1) RETURNING "version"[0m  [["version", "20200514071337"]]
  ↳ /Users/ayadav/.rvm/rubies/ruby-2.7.0/lib/ruby/gems/2.7.0/gems/rake-13.0.1/lib/rake/task.rb:281
  [1m[35m (0.4ms)[0m  [1m[35mCOMMIT[0m
  ↳ /Users/ayadav/.rvm/rubies/ruby-2.7.0/lib/ruby/gems/2.7.0/gems/rake-13.0.1/lib/rake/task.rb:281
Migrating to CreateOrders (20200514081546)
  [1m[35m (0.3ms)[0m  [1m[35mBEGIN[0m
  ↳ /Users/ayadav/.rvm/rubies/ruby-2.7.0/lib/ruby/gems/2.7.0/gems/rake-13.0.1/lib/rake/task.rb:281
  [1m[35m (5.5ms)[0m  [1m[35mCREATE TABLE "orders" ("id" bigserial primary key, "product" integer, "price" integer, "user_id" bigint, "created_at" timestamp NOT NULL, "updated_at" timestamp NOT NULL, CONSTRAINT "fk_rails_f868b47f6a"
FOREIGN KEY ("user_id")
  REFERENCES "users" ("id")
)[0m
  ↳ db/migrate/20200514081546_create_orders.rb:3
  [1m[35m (0.9ms)[0m  [1m[35mCREATE  INDEX  "index_orders_on_user_id" ON "orders"  ("user_id")[0m
  ↳ db/migrate/20200514081546_create_orders.rb:3
  [1m[36mActiveRecord::SchemaMigration Create (0.2ms)[0m  [1m[32mINSERT INTO "schema_migrations" ("version") VALUES ($1) RETURNING "version"[0m  [["version", "20200514081546"]]
  ↳ /Users/ayadav/.rvm/rubies/ruby-2.7.0/lib/ruby/gems/2.7.0/gems/rake-13.0.1/lib/rake/task.rb:281
  [1m[35m (0.3ms)[0m  [1m[35mCOMMIT[0m
  ↳ /Users/ayadav/.rvm/rubies/ruby-2.7.0/lib/ruby/gems/2.7.0/gems/rake-13.0.1/lib/rake/task.rb:281
Migrating to AddDobToUsers (20200515171434)
  [1m[35m (0.1ms)[0m  [1m[35mBEGIN[0m
  ↳ /Users/ayadav/.rvm/rubies/ruby-2.7.0/lib/ruby/gems/2.7.0/gems/rake-13.0.1/lib/rake/task.rb:281
  [1m[35m (0.4ms)[0m  [1m[35mALTER TABLE "users" ADD "dob" timestamp[0m
  ↳ db/migrate/20200515171434_add_dob_to_users.rb:3
  [1m[36mActiveRecord::SchemaMigration Create (0.2ms)[0m  [1m[32mINSERT INTO "schema_migrations" ("version") VALUES ($1) RETURNING "version"[0m  [["version", "20200515171434"]]
  ↳ /Users/ayadav/.rvm/rubies/ruby-2.7.0/lib/ruby/gems/2.7.0/gems/rake-13.0.1/lib/rake/task.rb:281
  [1m[35m (0.3ms)[0m  [1m[35mCOMMIT[0m
  ↳ /Users/ayadav/.rvm/rubies/ruby-2.7.0/lib/ruby/gems/2.7.0/gems/rake-13.0.1/lib/rake/task.rb:281
  [1m[36mActiveRecord::InternalMetadata Load (0.3ms)[0m  [1m[34mSELECT  "ar_internal_metadata".* FROM "ar_internal_metadata" WHERE "ar_internal_metadata"."key" = $1 LIMIT $2[0m  [["key", "environment"], ["LIMIT", 1]]
  ↳ /Users/ayadav/.rvm/rubies/ruby-2.7.0/lib/ruby/gems/2.7.0/gems/rake-13.0.1/lib/rake/task.rb:281
  [1m[35m (0.1ms)[0m  [1m[35mBEGIN[0m
  ↳ /Users/ayadav/.rvm/rubies/ruby-2.7.0/lib/ruby/gems/2.7.0/gems/rake-13.0.1/lib/rake/task.rb:281
  [1m[36mActiveRecord::InternalMetadata Create (0.4ms)[0m  [1m[32mINSERT INTO "ar_internal_metadata" ("key", "value", "created_at", "updated_at") VALUES ($1, $2, $3, $4) RETURNING "key"[0m  [["key", "environment"], ["value", "development"], ["created_at", "2020-05-15 17:50:11.667197"], ["updated_at", "2020-05-15 17:50:11.667197"]]
  ↳ /Users/ayadav/.rvm/rubies/ruby-2.7.0/lib/ruby/gems/2.7.0/gems/rake-13.0.1/lib/rake/task.rb:281
  [1m[35m (0.2ms)[0m  [1m[35mCOMMIT[0m
  ↳ /Users/ayadav/.rvm/rubies/ruby-2.7.0/lib/ruby/gems/2.7.0/gems/rake-13.0.1/lib/rake/task.rb:281
  [1m[35m (0.2ms)[0m  [1m[34mSELECT pg_advisory_unlock(8212160474501450355)[0m
  ↳ /Users/ayadav/.rvm/rubies/ruby-2.7.0/lib/ruby/gems/2.7.0/gems/rake-13.0.1/lib/rake/task.rb:281
  [1m[35m (0.3ms)[0m  [1m[34mSELECT "schema_migrations"."version" FROM "schema_migrations" ORDER BY "schema_migrations"."version" ASC[0m
  ↳ /Users/ayadav/.rvm/rubies/ruby-2.7.0/lib/ruby/gems/2.7.0/gems/rake-13.0.1/lib/rake/task.rb:281
  [1m[36mUser Load (7.4ms)[0m  [1m[34mSELECT "users".* FROM "users"[0m
  ↳ lib/tasks/email_tasks.rake:12
Started POST "/signup" for ::1 at 2020-05-15 23:38:55 +0530
  [1m[35m (1.6ms)[0m  [1m[34mSELECT "schema_migrations"."version" FROM "schema_migrations" ORDER BY "schema_migrations"."version" ASC[0m
  ↳ /Users/ayadav/.rvm/gems/ruby-2.7.0/gems/activerecord-5.2.4.2/lib/active_record/log_subscriber.rb:98
Processing by RegistrationsController#create as JSON
  Parameters: {"user"=>{"username"=>"atul", "email"=>"ayadav@thoughtworks.com", "password"=>"[FILTERED]", "password_confirmation"=>"[FILTERED]", "dob"=>"1985-05-15T17:25:45.597Z"}, "registration"=>{"user"=>{"username"=>"atul", "email"=>"ayadav@thoughtworks.com", "password"=>"[FILTERED]", "password_confirmation"=>"[FILTERED]", "dob"=>"1985-05-15T17:25:45.597Z"}}}
  [1m[35m (0.2ms)[0m  [1m[35mBEGIN[0m
  ↳ /Users/ayadav/.rvm/rubies/ruby-2.7.0/lib/ruby/gems/2.7.0/gems/devise-4.7.1/app/controllers/devise/registrations_controller.rb:19
  [1m[36mUser Exists (1.1ms)[0m  [1m[34mSELECT  1 AS one FROM "users" WHERE "users"."email" = $1 LIMIT $2[0m  [["email", "ayadav@thoughtworks.com"], ["LIMIT", 1]]
  ↳ /Users/ayadav/.rvm/rubies/ruby-2.7.0/lib/ruby/gems/2.7.0/gems/devise-4.7.1/app/controllers/devise/registrations_controller.rb:19
  [1m[36mUser Create (1.7ms)[0m  [1m[32mINSERT INTO "users" ("email", "encrypted_password", "created_at", "updated_at", "username", "dob") VALUES ($1, $2, $3, $4, $5, $6) RETURNING "id"[0m  [["email", "ayadav@thoughtworks.com"], ["encrypted_password", "$2a$11$3.gpqPrIdaflNabIzShfQuzoHm.K9JUq90cJ1icdn5rWhfwlK.VZW"], ["created_at", "2020-05-15 18:08:56.138859"], ["updated_at", "2020-05-15 18:08:56.138859"], ["username", "atul"], ["dob", "1985-05-15 17:25:45.597000"]]
  ↳ /Users/ayadav/.rvm/rubies/ruby-2.7.0/lib/ruby/gems/2.7.0/gems/devise-4.7.1/app/controllers/devise/registrations_controller.rb:19
  [1m[35m (0.3ms)[0m  [1m[35mCOMMIT[0m
  ↳ /Users/ayadav/.rvm/rubies/ruby-2.7.0/lib/ruby/gems/2.7.0/gems/devise-4.7.1/app/controllers/devise/registrations_controller.rb:19
[active_model_serializers] Rendered ActiveModel::Serializer::Null with User (0.47ms)
Completed 201 Created in 165ms (Views: 15.0ms | ActiveRecord: 11.5ms)


  [1m[36mUser Load (25.3ms)[0m  [1m[34mSELECT "users".* FROM "users"[0m
  ↳ lib/tasks/email_tasks.rake:12
  [1m[36mUser Load (1.0ms)[0m  [1m[34mSELECT "users".* FROM "users"[0m
  ↳ lib/tasks/email_tasks.rake:12
  [1m[36mUser Load (1.4ms)[0m  [1m[34mSELECT "users".* FROM "users"[0m
  ↳ lib/tasks/email_tasks.rake:12
  Rendering birthday_mailer/birthday_email.html.erb within layouts/mailer
  Rendered birthday_mailer/birthday_email.html.erb within layouts/mailer (1.5ms)
  Rendering birthday_mailer/birthday_email.text.erb within layouts/mailer
  Rendered birthday_mailer/birthday_email.text.erb within layouts/mailer (0.5ms)
BirthdayMailer#birthday_email: processed outbound mail in 42.7ms
Started GET "/rails/mailers/" for ::1 at 2020-05-15 23:45:55 +0530
  [1m[35m (1.2ms)[0m  [1m[34mSELECT "schema_migrations"."version" FROM "schema_migrations" ORDER BY "schema_migrations"."version" ASC[0m
  ↳ /Users/ayadav/.rvm/gems/ruby-2.7.0/gems/activerecord-5.2.4.2/lib/active_record/log_subscriber.rb:98
Processing by Rails::MailersController#index as HTML
  Rendering /Users/ayadav/.rvm/gems/ruby-2.7.0/gems/railties-5.2.4.2/lib/rails/templates/rails/mailers/index.html.erb within layouts/application
  Rendered /Users/ayadav/.rvm/gems/ruby-2.7.0/gems/railties-5.2.4.2/lib/rails/templates/rails/mailers/index.html.erb within layouts/application (1.8ms)
Completed 200 OK in 70ms (Views: 12.8ms | ActiveRecord: 0.0ms)


Started GET "/rails/mailers/birthday_mailer/birthday_mail_preview" for ::1 at 2020-05-15 23:45:58 +0530
Processing by Rails::MailersController#preview as HTML
  Parameters: {"path"=>"birthday_mailer/birthday_mail_preview"}
  [1m[36mUser Load (0.7ms)[0m  [1m[34mSELECT  "users".* FROM "users" ORDER BY "users"."id" ASC LIMIT $1[0m  [["LIMIT", 1]]
  ↳ spec/mailers/previews/birthday_mailer_preview.rb:4
  Rendering birthday_mailer/birthday_email.html.erb within layouts/mailer
  Rendered birthday_mailer/birthday_email.html.erb within layouts/mailer (0.3ms)
  Rendering birthday_mailer/birthday_email.text.erb within layouts/mailer
  Rendered birthday_mailer/birthday_email.text.erb within layouts/mailer (0.2ms)
BirthdayMailer#birthday_email: processed outbound mail in 30.0ms
  Rendering /Users/ayadav/.rvm/gems/ruby-2.7.0/gems/railties-5.2.4.2/lib/rails/templates/rails/mailers/email.html.erb
  Rendered /Users/ayadav/.rvm/gems/ruby-2.7.0/gems/railties-5.2.4.2/lib/rails/templates/rails/mailers/email.html.erb (2.5ms)
Completed 200 OK in 83ms (Views: 10.6ms | ActiveRecord: 6.7ms)


Started GET "/rails/mailers/birthday_mailer/birthday_mail_preview?part=text%2Fhtml" for ::1 at 2020-05-15 23:45:58 +0530
Processing by Rails::MailersController#preview as HTML
  Parameters: {"part"=>"text/html", "path"=>"birthday_mailer/birthday_mail_preview"}
  [1m[36mUser Load (0.3ms)[0m  [1m[34mSELECT  "users".* FROM "users" ORDER BY "users"."id" ASC LIMIT $1[0m  [["LIMIT", 1]]
  ↳ spec/mailers/previews/birthday_mailer_preview.rb:4
  Rendering birthday_mailer/birthday_email.html.erb within layouts/mailer
  Rendered birthday_mailer/birthday_email.html.erb within layouts/mailer (0.3ms)
  Rendering birthday_mailer/birthday_email.text.erb within layouts/mailer
  Rendered birthday_mailer/birthday_email.text.erb within layouts/mailer (0.2ms)
BirthdayMailer#birthday_email: processed outbound mail in 5.8ms
  Rendering text template
  Rendered text template (0.0ms)
Completed 200 OK in 12ms (Views: 3.9ms | ActiveRecord: 0.3ms)


Started GET "/rails/mailers/birthday_mailer/birthday_mail_preview?part=text%2Fplain" for ::1 at 2020-05-15 23:46:04 +0530
Processing by Rails::MailersController#preview as HTML
  Parameters: {"part"=>"text/plain", "path"=>"birthday_mailer/birthday_mail_preview"}
  [1m[36mUser Load (0.3ms)[0m  [1m[34mSELECT  "users".* FROM "users" ORDER BY "users"."id" ASC LIMIT $1[0m  [["LIMIT", 1]]
  ↳ spec/mailers/previews/birthday_mailer_preview.rb:4
  Rendering birthday_mailer/birthday_email.html.erb within layouts/mailer
  Rendered birthday_mailer/birthday_email.html.erb within layouts/mailer (1.5ms)
  Rendering birthday_mailer/birthday_email.text.erb within layouts/mailer
  Rendered birthday_mailer/birthday_email.text.erb within layouts/mailer (0.6ms)
BirthdayMailer#birthday_email: processed outbound mail in 14.6ms
  Rendering text template
  Rendered text template (0.0ms)
Completed 200 OK in 17ms (Views: 0.3ms | ActiveRecord: 0.3ms)


Started GET "/rails/mailers/birthday_mailer/birthday_mail_preview.txt?part=text%2Fhtml" for ::1 at 2020-05-15 23:46:07 +0530
Processing by Rails::MailersController#preview as TEXT
  Parameters: {"part"=>"text/html", "path"=>"birthday_mailer/birthday_mail_preview"}
  [1m[36mUser Load (0.5ms)[0m  [1m[34mSELECT  "users".* FROM "users" ORDER BY "users"."id" ASC LIMIT $1[0m  [["LIMIT", 1]]
  ↳ spec/mailers/previews/birthday_mailer_preview.rb:4
  Rendering birthday_mailer/birthday_email.html.erb within layouts/mailer
  Rendered birthday_mailer/birthday_email.html.erb within layouts/mailer (0.3ms)
  Rendering birthday_mailer/birthday_email.text.erb within layouts/mailer
  Rendered birthday_mailer/birthday_email.text.erb within layouts/mailer (0.2ms)
BirthdayMailer#birthday_email: processed outbound mail in 6.7ms
  Rendering text template
  Rendered text template (0.0ms)
Completed 200 OK in 9ms (Views: 0.4ms | ActiveRecord: 0.5ms)


  [1m[36mUser Load (1.3ms)[0m  [1m[34mSELECT "users".* FROM "users"[0m
  ↳ lib/tasks/email_tasks.rake:12
  Rendering birthday_mailer/birthday_email.html.erb within layouts/mailer
  Rendered birthday_mailer/birthday_email.html.erb within layouts/mailer (0.6ms)
  Rendering birthday_mailer/birthday_email.text.erb within layouts/mailer
  Rendered birthday_mailer/birthday_email.text.erb within layouts/mailer (0.2ms)
BirthdayMailer#birthday_email: processed outbound mail in 21.6ms
  [1m[36mUser Load (1.0ms)[0m  [1m[34mSELECT "users".* FROM "users"[0m
  ↳ lib/tasks/email_tasks.rake:12
  Rendering birthday_mailer/birthday_email.html.erb within layouts/mailer
  Rendered birthday_mailer/birthday_email.html.erb within layouts/mailer (0.6ms)
  Rendering birthday_mailer/birthday_email.text.erb within layouts/mailer
  Rendered birthday_mailer/birthday_email.text.erb within layouts/mailer (0.2ms)
BirthdayMailer#birthday_email: processed outbound mail in 19.1ms
  [1m[36mUser Load (6.7ms)[0m  [1m[34mSELECT "users".* FROM "users"[0m
  ↳ lib/tasks/email_tasks.rake:12
  Rendering birthday_mailer/birthday_email.html.erb within layouts/mailer
  Rendered birthday_mailer/birthday_email.html.erb within layouts/mailer (0.6ms)
  Rendering birthday_mailer/birthday_email.text.erb within layouts/mailer
  Rendered birthday_mailer/birthday_email.text.erb within layouts/mailer (0.2ms)
BirthdayMailer#birthday_email: processed outbound mail in 20.0ms
  [1m[36mUser Load (0.9ms)[0m  [1m[34mSELECT "users".* FROM "users"[0m
  ↳ lib/tasks/email_tasks.rake:12
  Rendering birthday_mailer/birthday_email.html.erb within layouts/mailer
  Rendered birthday_mailer/birthday_email.html.erb within layouts/mailer (0.6ms)
  Rendering birthday_mailer/birthday_email.text.erb within layouts/mailer
  Rendered birthday_mailer/birthday_email.text.erb within layouts/mailer (0.2ms)
BirthdayMailer#birthday_email: processed outbound mail in 19.8ms
  [1m[36mUser Load (1.4ms)[0m  [1m[34mSELECT "users".* FROM "users"[0m
  ↳ lib/tasks/email_tasks.rake:12
  Rendering birthday_mailer/birthday_email.html.erb within layouts/mailer
  Rendered birthday_mailer/birthday_email.html.erb within layouts/mailer (0.7ms)
  Rendering birthday_mailer/birthday_email.text.erb within layouts/mailer
  Rendered birthday_mailer/birthday_email.text.erb within layouts/mailer (0.2ms)
BirthdayMailer#birthday_email: processed outbound mail in 21.6ms
  [1m[36mUser Load (1.0ms)[0m  [1m[34mSELECT "users".* FROM "users"[0m
  ↳ lib/tasks/email_tasks.rake:12
  Rendering birthday_mailer/birthday_email.html.erb within layouts/mailer
  Rendered birthday_mailer/birthday_email.html.erb within layouts/mailer (0.5ms)
  Rendering birthday_mailer/birthday_email.text.erb within layouts/mailer
  Rendered birthday_mailer/birthday_email.text.erb within layouts/mailer (0.2ms)
BirthdayMailer#birthday_email: processed outbound mail in 20.3ms
  [1m[36mUser Load (6.7ms)[0m  [1m[34mSELECT "users".* FROM "users"[0m
  ↳ lib/tasks/email_tasks.rake:12
  Rendering birthday_mailer/birthday_email.html.erb within layouts/mailer
  Rendered birthday_mailer/birthday_email.html.erb within layouts/mailer (0.5ms)
  Rendering birthday_mailer/birthday_email.text.erb within layouts/mailer
  Rendered birthday_mailer/birthday_email.text.erb within layouts/mailer (0.2ms)
BirthdayMailer#birthday_email: processed outbound mail in 20.9ms
  [1m[36mUser Load (0.9ms)[0m  [1m[34mSELECT "users".* FROM "users"[0m
  ↳ lib/tasks/email_tasks.rake:12
  Rendering birthday_mailer/birthday_email.html.erb within layouts/mailer
  Rendered birthday_mailer/birthday_email.html.erb within layouts/mailer (0.5ms)
  Rendering birthday_mailer/birthday_email.text.erb within layouts/mailer
  Rendered birthday_mailer/birthday_email.text.erb within layouts/mailer (0.2ms)
BirthdayMailer#birthday_email: processed outbound mail in 19.2ms
  [1m[36mUser Load (1.3ms)[0m  [1m[34mSELECT "users".* FROM "users"[0m
  ↳ lib/tasks/email_tasks.rake:12
  Rendering birthday_mailer/birthday_email.html.erb within layouts/mailer
  Rendered birthday_mailer/birthday_email.html.erb within layouts/mailer (0.5ms)
  Rendering birthday_mailer/birthday_email.text.erb within layouts/mailer
  Rendered birthday_mailer/birthday_email.text.erb within layouts/mailer (0.2ms)
BirthdayMailer#birthday_email: processed outbound mail in 19.4ms
Started POST "/signup" for ::1 at 2020-05-15 23:59:00 +0530
  [1m[35m (1.8ms)[0m  [1m[34mSELECT "schema_migrations"."version" FROM "schema_migrations" ORDER BY "schema_migrations"."version" ASC[0m
  ↳ /Users/ayadav/.rvm/gems/ruby-2.7.0/gems/activerecord-5.2.4.2/lib/active_record/log_subscriber.rb:98
Processing by RegistrationsController#create as JSON
  Parameters: {"user"=>{"username"=>"Atul Yadav", "email"=>"atulyadav.iit@gmail.com", "password"=>"[FILTERED]", "password_confirmation"=>"[FILTERED]", "dob"=>"1985-05-16T17:25:45.597Z"}, "registration"=>{"user"=>{"username"=>"Atul Yadav", "email"=>"atulyadav.iit@gmail.com", "password"=>"[FILTERED]", "password_confirmation"=>"[FILTERED]", "dob"=>"1985-05-16T17:25:45.597Z"}}}
  [1m[35m (0.3ms)[0m  [1m[35mBEGIN[0m
  ↳ /Users/ayadav/.rvm/rubies/ruby-2.7.0/lib/ruby/gems/2.7.0/gems/devise-4.7.1/app/controllers/devise/registrations_controller.rb:19
  [1m[36mUser Exists (1.1ms)[0m  [1m[34mSELECT  1 AS one FROM "users" WHERE "users"."email" = $1 LIMIT $2[0m  [["email", "atulyadav.iit@gmail.com"], ["LIMIT", 1]]
  ↳ /Users/ayadav/.rvm/rubies/ruby-2.7.0/lib/ruby/gems/2.7.0/gems/devise-4.7.1/app/controllers/devise/registrations_controller.rb:19
  [1m[36mUser Create (1.0ms)[0m  [1m[32mINSERT INTO "users" ("email", "encrypted_password", "created_at", "updated_at", "username", "dob") VALUES ($1, $2, $3, $4, $5, $6) RETURNING "id"[0m  [["email", "atulyadav.iit@gmail.com"], ["encrypted_password", "$2a$11$QFnKHL6SdhzJXGrYc52XtOC32vZ34G5Eu8/CIXIF26kP/Kq8iOvQe"], ["created_at", "2020-05-15 18:29:00.962345"], ["updated_at", "2020-05-15 18:29:00.962345"], ["username", "Atul Yadav"], ["dob", "1985-05-16 17:25:45.597000"]]
  ↳ /Users/ayadav/.rvm/rubies/ruby-2.7.0/lib/ruby/gems/2.7.0/gems/devise-4.7.1/app/controllers/devise/registrations_controller.rb:19
  Rendering signup_mailer/signup_email.html.erb within layouts/mailer
  Rendered signup_mailer/signup_email.html.erb within layouts/mailer (0.7ms)
  Rendering signup_mailer/signup_email.text.erb within layouts/mailer
  Rendered signup_mailer/signup_email.text.erb within layouts/mailer (0.2ms)
SignupMailer#signup_email: processed outbound mail in 29.8ms
  [1m[36mUser Load (7.6ms)[0m  [1m[34mSELECT "users".* FROM "users"[0m
  ↳ lib/tasks/email_tasks.rake:12
  Rendering birthday_mailer/birthday_email.html.erb within layouts/mailer
  Rendered birthday_mailer/birthday_email.html.erb within layouts/mailer (0.5ms)
  Rendering birthday_mailer/birthday_email.text.erb within layouts/mailer
  Rendered birthday_mailer/birthday_email.text.erb within layouts/mailer (0.2ms)
BirthdayMailer#birthday_email: processed outbound mail in 21.4ms
Sent mail to atulyadav.iit@gmail.com (3717.8ms)
Date: Fri, 15 May 2020 23:59:01 +0530
From: no-reply@localhost.com
To: atulyadav.iit@gmail.com
Message-ID: <5ebedf6d14ab5_13a0929f44642a@INayadav.local.mail>
Subject: Signup Email
Mime-Version: 1.0
Content-Type: multipart/alternative;
 boundary="--==_mimepart_5ebedf6d13aa1_13a0929f44639d";
 charset=UTF-8
Content-Transfer-Encoding: 7bit


----==_mimepart_5ebedf6d13aa1_13a0929f44639d
Content-Type: text/plain;
 charset=UTF-8
Content-Transfer-Encoding: 7bit

Welcome Atul Yadav<
Thanks for registering with TW shopping !!!
Please make some order.

----==_mimepart_5ebedf6d13aa1_13a0929f44639d
Content-Type: text/html;
 charset=UTF-8
Content-Transfer-Encoding: 7bit

<!DOCTYPE html>
<html>
  <head>
    <meta http-equiv="Content-Type" content="text/html; charset=utf-8" />
    <style>
      /* Email styles need to be inline */
    </style>
  </head>

  <body>
    <!DOCTYPE html>
<html>
<head>
  <meta content='text/html; charset=UTF-8' http-equiv='Content-Type' />
</head>
<body>
<h1>Welcome Atul Yadav</h1>
<p>
  Thanks for registering with TW shopping !!!
</p>
<p>Please make some order.</p>
</body>
</html>
  </body>
</html>

----==_mimepart_5ebedf6d13aa1_13a0929f44639d--

  [1m[35m (1.4ms)[0m  [1m[35mCOMMIT[0m
  ↳ /Users/ayadav/.rvm/rubies/ruby-2.7.0/lib/ruby/gems/2.7.0/gems/devise-4.7.1/app/controllers/devise/registrations_controller.rb:19
[active_model_serializers] Rendered ActiveModel::Serializer::Null with User (0.35ms)
Completed 201 Created in 4016ms (Views: 23.0ms | ActiveRecord: 14.2ms)


  [1m[36mUser Load (1.0ms)[0m  [1m[34mSELECT "users".* FROM "users"[0m
  ↳ lib/tasks/email_tasks.rake:12
  Rendering birthday_mailer/birthday_email.html.erb within layouts/mailer
  Rendered birthday_mailer/birthday_email.html.erb within layouts/mailer (0.5ms)
  Rendering birthday_mailer/birthday_email.text.erb within layouts/mailer
  Rendered birthday_mailer/birthday_email.text.erb within layouts/mailer (0.2ms)
BirthdayMailer#birthday_email: processed outbound mail in 21.6ms
